INFO: [VRFC 10-2263] Analyzing Verilog file "/media/mklab/TerabyteHD/HOME_MKL/WORK/internal/mul_pynqZ2_module/mul_pynqZ2_module.ip_user_files/bd/design_1/sim/design_1.v" into library xil_defaultlib
INFO: [VRFC 10-311] analyzing module design_1
INFO: [VRFC 10-311] analyzing module design_1_ps7_0_axi_periph_6
INFO: [VRFC 10-311] analyzing module s00_couplers_imp_UYSKKA
INFO: [VRFC 10-2263] Analyzing Verilog file "/media/mklab/TerabyteHD/HOME_MKL/WORK/internal/mul_pynqZ2_module/mul_pynqZ2_module.srcs/sources_1/bd/design_1/ipshared/f1b7/hdl/verilog/mul_matrix_control_s_axi.v" into library xil_defaultlib
INFO: [VRFC 10-311] analyzing module mul_matrix_control_s_axi
INFO: [VRFC 10-2263] Analyzing Verilog file "/media/mklab/TerabyteHD/HOME_MKL/WORK/internal/mul_pynqZ2_module/mul_pynqZ2_module.srcs/sources_1/bd/design_1/ipshared/f1b7/hdl/verilog/mul_matrix_gmem_m_axi.v" into library xil_defaultlib
INFO: [VRFC 10-311] analyzing module mul_matrix_gmem_m_axi
INFO: [VRFC 10-311] analyzing module mul_matrix_gmem_m_axi_reg_slice
INFO: [VRFC 10-311] analyzing module mul_matrix_gmem_m_axi_fifo
INFO: [VRFC 10-311] analyzing module mul_matrix_gmem_m_axi_buffer
INFO: [VRFC 10-311] analyzing module mul_matrix_gmem_m_axi_decoder
INFO: [VRFC 10-311] analyzing module mul_matrix_gmem_m_axi_throttl
INFO: [VRFC 10-311] analyzing module mul_matrix_gmem_m_axi_read
INFO: [VRFC 10-311] analyzing module mul_matrix_gmem_m_axi_write
INFO: [VRFC 10-2263] Analyzing Verilog file "/media/mklab/TerabyteHD/HOME_MKL/WORK/internal/mul_pynqZ2_module/mul_pynqZ2_module.srcs/sources_1/bd/design_1/ipshared/f1b7/hdl/verilog/mul_matrix.v" into library xil_defaultlib
INFO: [VRFC 10-311] analyzing module mul_matrix
INFO: [VRFC 10-2263] Analyzing Verilog file "/media/mklab/TerabyteHD/HOME_MKL/WORK/internal/mul_pynqZ2_module/mul_pynqZ2_module.ip_user_files/bd/design_1/ip/design_1_mul_matrix_0_6/sim/design_1_mul_matrix_0_6.v" into library xil_defaultlib
INFO: [VRFC 10-311] analyzing module design_1_mul_matrix_0_6
INFO: [VRFC 10-2263] Analyzing Verilog file "/media/mklab/TerabyteHD/HOME_MKL/WORK/internal/mul_pynqZ2_module/mul_pynqZ2_module.ip_user_files/bd/design_1/ip/design_1_processing_system7_0_6/sim/design_1_processing_system7_0_6.v" into library xil_defaultlib
INFO: [VRFC 10-311] analyzing module design_1_processing_system7_0_6
INFO: [VRFC 10-2263] Analyzing Verilog file "/media/mklab/TerabyteHD/HOME_MKL/WORK/internal/mul_pynqZ2_module/mul_pynqZ2_module.ip_user_files/bd/design_1/ip/design_1_axi_smc_4/bd_0/ip/ip_0/sim/bd_6cc2_one_0.v" into library xil_defaultlib
INFO: [VRFC 10-311] analyzing module bd_6cc2_one_0
INFO: [VRFC 10-2263] Analyzing SystemVerilog file "/media/mklab/TerabyteHD/HOME_MKL/WORK/internal/mul_pynqZ2_module/mul_pynqZ2_module.ip_user_files/bd/design_1/ip/design_1_axi_smc_4/bd_0/ip/ip_2/sim/bd_6cc2_s00mmu_0.sv" into library xil_defaultlib
INFO: [VRFC 10-311] analyzing module bd_6cc2_s00mmu_0
INFO: [VRFC 10-2263] Analyzing SystemVerilog file "/media/mklab/TerabyteHD/HOME_MKL/WORK/internal/mul_pynqZ2_module/mul_pynqZ2_module.ip_user_files/bd/design_1/ip/design_1_axi_smc_4/bd_0/ip/ip_3/sim/bd_6cc2_s00tr_0.sv" into library xil_defaultlib
INFO: [VRFC 10-311] analyzing module bd_6cc2_s00tr_0
INFO: [VRFC 10-2263] Analyzing SystemVerilog file "/media/mklab/TerabyteHD/HOME_MKL/WORK/internal/mul_pynqZ2_module/mul_pynqZ2_module.ip_user_files/bd/design_1/ip/design_1_axi_smc_4/bd_0/ip/ip_4/sim/bd_6cc2_s00sic_0.sv" into library xil_defaultlib
INFO: [VRFC 10-311] analyzing module bd_6cc2_s00sic_0
INFO: [VRFC 10-2263] Analyzing SystemVerilog file "/media/mklab/TerabyteHD/HOME_MKL/WORK/internal/mul_pynqZ2_module/mul_pynqZ2_module.ip_user_files/bd/design_1/ip/design_1_axi_smc_4/bd_0/ip/ip_5/sim/bd_6cc2_s00a2s_0.sv" into library xil_defaultlib
INFO: [VRFC 10-311] analyzing module bd_6cc2_s00a2s_0
INFO: [VRFC 10-2263] Analyzing SystemVerilog file "/media/mklab/TerabyteHD/HOME_MKL/WORK/internal/mul_pynqZ2_module/mul_pynqZ2_module.ip_user_files/bd/design_1/ip/design_1_axi_smc_4/bd_0/ip/ip_6/sim/bd_6cc2_sarn_0.sv" into library xil_defaultlib
INFO: [VRFC 10-311] analyzing module bd_6cc2_sarn_0
INFO: [VRFC 10-2263] Analyzing SystemVerilog file "/media/mklab/TerabyteHD/HOME_MKL/WORK/internal/mul_pynqZ2_module/mul_pynqZ2_module.ip_user_files/bd/design_1/ip/design_1_axi_smc_4/bd_0/ip/ip_7/sim/bd_6cc2_srn_0.sv" into library xil_defaultlib
INFO: [VRFC 10-311] analyzing module bd_6cc2_srn_0
INFO: [VRFC 10-2263] Analyzing SystemVerilog file "/media/mklab/TerabyteHD/HOME_MKL/WORK/internal/mul_pynqZ2_module/mul_pynqZ2_module.ip_user_files/bd/design_1/ip/design_1_axi_smc_4/bd_0/ip/ip_8/sim/bd_6cc2_sawn_0.sv" into library xil_defaultlib
INFO: [VRFC 10-311] analyzing module bd_6cc2_sawn_0
INFO: [VRFC 10-2263] Analyzing SystemVerilog file "/media/mklab/TerabyteHD/HOME_MKL/WORK/internal/mul_pynqZ2_module/mul_pynqZ2_module.ip_user_files/bd/design_1/ip/design_1_axi_smc_4/bd_0/ip/ip_9/sim/bd_6cc2_swn_0.sv" into library xil_defaultlib
INFO: [VRFC 10-311] analyzing module bd_6cc2_swn_0
INFO: [VRFC 10-2263] Analyzing SystemVerilog file "/media/mklab/TerabyteHD/HOME_MKL/WORK/internal/mul_pynqZ2_module/mul_pynqZ2_module.ip_user_files/bd/design_1/ip/design_1_axi_smc_4/bd_0/ip/ip_10/sim/bd_6cc2_sbn_0.sv" into library xil_defaultlib
INFO: [VRFC 10-311] analyzing module bd_6cc2_sbn_0
INFO: [VRFC 10-2263] Analyzing SystemVerilog file "/media/mklab/TerabyteHD/HOME_MKL/WORK/internal/mul_pynqZ2_module/mul_pynqZ2_module.ip_user_files/bd/design_1/ip/design_1_axi_smc_4/bd_0/ip/ip_11/sim/bd_6cc2_m00s2a_0.sv" into library xil_defaultlib
INFO: [VRFC 10-311] analyzing module bd_6cc2_m00s2a_0
INFO: [VRFC 10-2263] Analyzing SystemVerilog file "/media/mklab/TerabyteHD/HOME_MKL/WORK/internal/mul_pynqZ2_module/mul_pynqZ2_module.ip_user_files/bd/design_1/ip/design_1_axi_smc_4/bd_0/ip/ip_12/sim/bd_6cc2_m00e_0.sv" into library xil_defaultlib
INFO: [VRFC 10-311] analyzing module bd_6cc2_m00e_0
INFO: [VRFC 10-2263] Analyzing Verilog file "/media/mklab/TerabyteHD/HOME_MKL/WORK/internal/mul_pynqZ2_module/mul_pynqZ2_module.ip_user_files/bd/design_1/ip/design_1_axi_smc_4/bd_0/sim/bd_6cc2.v" into library xil_defaultlib
INFO: [VRFC 10-311] analyzing module bd_6cc2
INFO: [VRFC 10-311] analyzing module clk_map_imp_DZEIZE
INFO: [VRFC 10-311] analyzing module m00_exit_pipeline_imp_1K9MGCH
INFO: [VRFC 10-311] analyzing module s00_entry_pipeline_imp_KI1RUQ
INFO: [VRFC 10-311] analyzing module s00_nodes_imp_PMHAAG
INFO: [VRFC 10-2263] Analyzing Verilog file "/media/mklab/TerabyteHD/HOME_MKL/WORK/internal/mul_pynqZ2_module/mul_pynqZ2_module.ip_user_files/bd/design_1/ip/design_1_axi_smc_4/sim/design_1_axi_smc_4.v" into library xil_defaultlib
INFO: [VRFC 10-311] analyzing module design_1_axi_smc_4
INFO: [VRFC 10-2263] Analyzing Verilog file "/media/mklab/TerabyteHD/HOME_MKL/WORK/internal/mul_pynqZ2_module/mul_pynqZ2_module.ip_user_files/bd/design_1/ip/design_1_auto_pc_4/sim/design_1_auto_pc_4.v" into library xil_defaultlib
INFO: [VRFC 10-311] analyzing module design_1_auto_pc_4
INFO: [VRFC 10-2263] Analyzing Verilog file "/media/mklab/TerabyteHD/HOME_MKL/WORK/internal/mul_pynqZ2_module/mul_pynqZ2_module.srcs/sources_1/bd/design_1/hdl/design_1_wrapper.v" into library xil_defaultlib
INFO: [VRFC 10-311] analyzing module design_1_wrapper
INFO: [VRFC 10-2263] Analyzing Verilog file "/media/mklab/TerabyteHD/HOME_MKL/WORK/internal/mul_pynqZ2_module/mul_pynqZ2_module.sim/sim_1/behav/xsim/glbl.v" into library xil_defaultlib
INFO: [VRFC 10-311] analyzing module glbl
INFO: [VRFC 10-163] Analyzing VHDL file "/media/mklab/TerabyteHD/HOME_MKL/WORK/internal/mul_pynqZ2_module/mul_pynqZ2_module.ip_user_files/bd/design_1/ip/design_1_rst_ps7_0_100M_3/sim/design_1_rst_ps7_0_100M_3.vhd" into library xil_defaultlib
INFO: [VRFC 10-3107] analyzing entity 'design_1_rst_ps7_0_100M_3'
INFO: [VRFC 10-163] Analyzing VHDL file "/media/mklab/TerabyteHD/HOME_MKL/WORK/internal/mul_pynqZ2_module/mul_pynqZ2_module.ip_user_files/bd/design_1/ip/design_1_axi_smc_4/bd_0/ip/ip_1/sim/bd_6cc2_psr_aclk_0.vhd" into library xil_defaultlib
INFO: [VRFC 10-3107] analyzing entity 'bd_6cc2_psr_aclk_0'
