Vivado Simulator 2019.1
Copyright 1986-1999, 2001-2019 Xilinx, Inc. All Rights Reserved.
Running: /home/mklab/Xilinx/Vivado/2019.1/bin/unwrapped/lnx64.o/xelab -wto 998d4923f4d14fe6a1b9510d3ccabc26 --incr --debug typical --relax --mt 8 -L xil_defaultlib -L axi_infrastructure_v1_1_0 -L axi_vip_v1_1_5 -L processing_system7_vip_v1_0_7 -L lib_cdc_v1_0_2 -L proc_sys_reset_v5_0_13 -L xlconstant_v1_1_6 -L smartconnect_v1_0 -L generic_baseblocks_v2_1_0 -L fifo_generator_v13_2_4 -L axi_data_fifo_v2_1_18 -L axi_register_slice_v2_1_19 -L axi_protocol_converter_v2_1_19 -L xilinx_vip -L unisims_ver -L unimacro_ver -L secureip -L xpm --snapshot design_1_wrapper_behav xil_defaultlib.design_1_wrapper xil_defaultlib.glbl -log elaborate.log 
Using 8 slave threads.
Starting static elaboration
WARNING: [VRFC 10-3091] actual bit length 128 differs from formal bit length 64 for port 'WR_DATA_STRB' [/proj/xbuilds/2019.1_0524_1430/infra/XSIM/lin/.cxl.ip/incl/processing_system7_vip_v1_0_7_axi_gp.v:208]
WARNING: [VRFC 10-3091] actual bit length 12 differs from formal bit length 6 for port 'm_axi_bid' [/wrk/2019.1/continuous/2019_05_24_2552052/packages/customer/vivado/data/ip/xilinx/processing_system7_vip_v1_0/hdl/processing_system7_vip_v1_0_vl_rfs.sv:5496]
WARNING: [VRFC 10-3091] actual bit length 12 differs from formal bit length 6 for port 'm_axi_rid' [/wrk/2019.1/continuous/2019_05_24_2552052/packages/customer/vivado/data/ip/xilinx/processing_system7_vip_v1_0/hdl/processing_system7_vip_v1_0_vl_rfs.sv:5514]
WARNING: [VRFC 10-3091] actual bit length 128 differs from formal bit length 64 for port 'WR_DATA_STRB' [/proj/xbuilds/2019.1_0524_1430/infra/XSIM/lin/.cxl.ip/incl/processing_system7_vip_v1_0_7_axi_gp.v:292]
WARNING: [VRFC 10-3091] actual bit length 8 differs from formal bit length 9 for port 'WR_BYTES' [/proj/xbuilds/2019.1_0524_1430/infra/XSIM/lin/.cxl.ip/incl/processing_system7_vip_v1_0_7_axi_hp.v:80]
WARNING: [VRFC 10-3091] actual bit length 8 differs from formal bit length 9 for port 'RD_BYTES' [/proj/xbuilds/2019.1_0524_1430/infra/XSIM/lin/.cxl.ip/incl/processing_system7_vip_v1_0_7_axi_hp.v:89]
WARNING: [VRFC 10-3091] actual bit length 12 differs from formal bit length 6 for port 'm_axi_bid' [/wrk/2019.1/continuous/2019_05_24_2552052/packages/customer/vivado/data/ip/xilinx/processing_system7_vip_v1_0/hdl/processing_system7_vip_v1_0_vl_rfs.sv:10203]
WARNING: [VRFC 10-3091] actual bit length 12 differs from formal bit length 6 for port 'm_axi_rid' [/wrk/2019.1/continuous/2019_05_24_2552052/packages/customer/vivado/data/ip/xilinx/processing_system7_vip_v1_0/hdl/processing_system7_vip_v1_0_vl_rfs.sv:10221]
WARNING: [VRFC 10-3091] actual bit length 32 differs from formal bit length 64 for port 'm_axi_rdata' [/wrk/2019.1/continuous/2019_05_24_2552052/packages/customer/vivado/data/ip/xilinx/processing_system7_vip_v1_0/hdl/processing_system7_vip_v1_0_vl_rfs.sv:10222]
WARNING: [VRFC 10-3091] actual bit length 8 differs from formal bit length 9 for port 'WR_BYTES' [/proj/xbuilds/2019.1_0524_1430/infra/XSIM/lin/.cxl.ip/incl/processing_system7_vip_v1_0_7_axi_hp.v:165]
WARNING: [VRFC 10-3091] actual bit length 8 differs from formal bit length 9 for port 'RD_BYTES' [/proj/xbuilds/2019.1_0524_1430/infra/XSIM/lin/.cxl.ip/incl/processing_system7_vip_v1_0_7_axi_hp.v:174]
WARNING: [VRFC 10-3091] actual bit length 8 differs from formal bit length 9 for port 'WR_BYTES' [/proj/xbuilds/2019.1_0524_1430/infra/XSIM/lin/.cxl.ip/incl/processing_system7_vip_v1_0_7_axi_hp.v:251]
WARNING: [VRFC 10-3091] actual bit length 8 differs from formal bit length 9 for port 'RD_BYTES' [/proj/xbuilds/2019.1_0524_1430/infra/XSIM/lin/.cxl.ip/incl/processing_system7_vip_v1_0_7_axi_hp.v:260]
WARNING: [VRFC 10-3091] actual bit length 8 differs from formal bit length 9 for port 'WR_BYTES' [/proj/xbuilds/2019.1_0524_1430/infra/XSIM/lin/.cxl.ip/incl/processing_system7_vip_v1_0_7_axi_hp.v:337]
WARNING: [VRFC 10-3091] actual bit length 8 differs from formal bit length 9 for port 'RD_BYTES' [/proj/xbuilds/2019.1_0524_1430/infra/XSIM/lin/.cxl.ip/incl/processing_system7_vip_v1_0_7_axi_hp.v:346]
WARNING: [VRFC 10-3091] actual bit length 12 differs from formal bit length 3 for port 'm_axi_bid' [/wrk/2019.1/continuous/2019_05_24_2552052/packages/customer/vivado/data/ip/xilinx/processing_system7_vip_v1_0/hdl/processing_system7_vip_v1_0_vl_rfs.sv:7107]
WARNING: [VRFC 10-3091] actual bit length 12 differs from formal bit length 3 for port 'm_axi_rid' [/wrk/2019.1/continuous/2019_05_24_2552052/packages/customer/vivado/data/ip/xilinx/processing_system7_vip_v1_0/hdl/processing_system7_vip_v1_0_vl_rfs.sv:7125]
WARNING: [VRFC 10-3091] actual bit length 32 differs from formal bit length 64 for port 'm_axi_rdata' [/wrk/2019.1/continuous/2019_05_24_2552052/packages/customer/vivado/data/ip/xilinx/processing_system7_vip_v1_0/hdl/processing_system7_vip_v1_0_vl_rfs.sv:7126]
WARNING: [VRFC 10-3027] 'ocm_wr_strb_port0' was previously declared with a different range [/wrk/2019.1/continuous/2019_05_24_2552052/packages/customer/vivado/data/ip/xilinx/processing_system7_vip_v1_0/hdl/processing_system7_vip_v1_0_vl_rfs.sv:3759]
WARNING: [VRFC 10-3283] element index 64 into 'wrp_strb' is out of bounds [/wrk/2019.1/continuous/2019_05_24_2552052/packages/customer/vivado/data/ip/xilinx/processing_system7_vip_v1_0/hdl/processing_system7_vip_v1_0_vl_rfs.sv:6084]
WARNING: [VRFC 10-3283] element index 128 into 'wrp_strb' is out of bounds [/wrk/2019.1/continuous/2019_05_24_2552052/packages/customer/vivado/data/ip/xilinx/processing_system7_vip_v1_0/hdl/processing_system7_vip_v1_0_vl_rfs.sv:10844]
WARNING: [VRFC 10-3283] element index 128 into 'wrp_strb' is out of bounds [/wrk/2019.1/continuous/2019_05_24_2552052/packages/customer/vivado/data/ip/xilinx/processing_system7_vip_v1_0/hdl/processing_system7_vip_v1_0_vl_rfs.sv:7722]
WARNING: [VRFC 10-3705] select index 4 into 'wr_fifo_rd_ptr' is out of bounds [/wrk/2019.1/continuous/2019_05_24_2552052/packages/customer/vivado/data/ip/xilinx/processing_system7_vip_v1_0/hdl/processing_system7_vip_v1_0_vl_rfs.sv:7935]
WARNING: [VRFC 10-3705] select index 4 into 'ar_cnt' is out of bounds [/wrk/2019.1/continuous/2019_05_24_2552052/packages/customer/vivado/data/ip/xilinx/processing_system7_vip_v1_0/hdl/processing_system7_vip_v1_0_vl_rfs.sv:8074]
WARNING: [VRFC 10-3705] select index 4 into 'wr_rresp_cnt' is out of bounds [/wrk/2019.1/continuous/2019_05_24_2552052/packages/customer/vivado/data/ip/xilinx/processing_system7_vip_v1_0/hdl/processing_system7_vip_v1_0_vl_rfs.sv:8171]
WARNING: [VRFC 10-3705] select index 4 into 'rd_fifo_wr_ptr' is out of bounds [/wrk/2019.1/continuous/2019_05_24_2552052/packages/customer/vivado/data/ip/xilinx/processing_system7_vip_v1_0/hdl/processing_system7_vip_v1_0_vl_rfs.sv:8190]
WARNING: [VRFC 10-3705] select index 4 into 'rd_cnt' is out of bounds [/wrk/2019.1/continuous/2019_05_24_2552052/packages/customer/vivado/data/ip/xilinx/processing_system7_vip_v1_0/hdl/processing_system7_vip_v1_0_vl_rfs.sv:8331]
WARNING: [VRFC 10-3705] select index 4 into 'rresp_time_cnt' is out of bounds [/wrk/2019.1/continuous/2019_05_24_2552052/packages/customer/vivado/data/ip/xilinx/processing_system7_vip_v1_0/hdl/processing_system7_vip_v1_0_vl_rfs.sv:8336]
WARNING: [VRFC 10-3705] select index 4 into 'rd_fifo_rd_ptr' is out of bounds [/wrk/2019.1/continuous/2019_05_24_2552052/packages/customer/vivado/data/ip/xilinx/processing_system7_vip_v1_0/hdl/processing_system7_vip_v1_0_vl_rfs.sv:8341]
Completed static elaboration
Starting simulation data flow analysis
Completed simulation data flow analysis
Time Resolution for simulation is 1ps
Compiling package std.standard
Compiling package std.textio
Compiling package ieee.std_logic_1164
Compiling package ieee.numeric_std
Compiling package unisim.vcomponents
Compiling package ieee.vital_timing
Compiling package ieee.vital_primitives
Compiling package unisim.vpkg
Compiling package ieee.std_logic_arith
Compiling package synopsys.attributes
Compiling package ieee.std_logic_misc
Compiling package smartconnect_v1_0.sc_util_v1_0_4_pkg
Compiling package xilinx_vip.axi_vip_pkg
Compiling package xilinx_vip.xil_common_vip_pkg
Compiling package std.std
Compiling module xlconstant_v1_1_6.xlconstant_v1_1_6_xlconstant(CON...
Compiling module xil_defaultlib.bd_6cc2_one_0
Compiling architecture fdre_v of entity unisim.FDRE [fdre_default]
Compiling architecture fdre_v of entity unisim.FDRE [\FDRE(init='1')\]
Compiling architecture fdr_v of entity unisim.FDR [fdr_default]
Compiling architecture implementation of entity lib_cdc_v1_0_2.cdc_sync [\cdc_sync(c_vector_width=2,c_mtb...]
Compiling architecture srl16e_v of entity unisim.SRL16E [\SRL16E(init="1111111111111111")...]
Compiling architecture srl16_v of entity unisim.SRL16 [\SRL16(init="1111111111111111")(...]
Compiling architecture imp of entity proc_sys_reset_v5_0_13.lpf [\lpf(c_ext_rst_width=4,c_aux_rst...]
Compiling architecture imp of entity proc_sys_reset_v5_0_13.upcnt_n [\upcnt_n(c_size=6)\]
Compiling architecture imp of entity proc_sys_reset_v5_0_13.sequence_psr [sequence_psr_default]
Compiling architecture imp of entity proc_sys_reset_v5_0_13.proc_sys_reset [\proc_sys_reset(c_family="zynq",...]
Compiling architecture bd_6cc2_psr_aclk_0_arch of entity xil_defaultlib.bd_6cc2_psr_aclk_0 [bd_6cc2_psr_aclk_0_default]
Compiling module xil_defaultlib.clk_map_imp_DZEIZE
Compiling module xil_defaultlib.bd_6cc2_m00e_0
Compiling module xil_defaultlib.m00_exit_pipeline_imp_1K9MGCH
Compiling module xil_defaultlib.bd_6cc2_m00s2a_0
Compiling module xil_defaultlib.bd_6cc2_s00a2s_0
Compiling module xil_defaultlib.bd_6cc2_s00mmu_0
Compiling module xil_defaultlib.bd_6cc2_s00sic_0
Compiling module xil_defaultlib.bd_6cc2_s00tr_0
Compiling module xil_defaultlib.s00_entry_pipeline_imp_KI1RUQ
Compiling module xpm.xpm_memory_base(MEMORY_TYPE=1,ME...
Compiling module xpm.xpm_memory_sdpram(MEMORY_SIZE=49...
Compiling module xil_defaultlib.bd_6cc2_sarn_0
Compiling module xil_defaultlib.bd_6cc2_sawn_0
Compiling module xpm.xpm_memory_base(MEMORY_TYPE=1,ME...
Compiling module xpm.xpm_memory_sdpram(MEMORY_SIZE=73...
Compiling module xil_defaultlib.bd_6cc2_sbn_0
Compiling module xpm.xpm_memory_base(MEMORY_TYPE=1,ME...
Compiling module xpm.xpm_memory_sdpram(MEMORY_SIZE=32...
Compiling module xil_defaultlib.bd_6cc2_srn_0
Compiling module xpm.xpm_memory_base(MEMORY_TYPE=1,ME...
Compiling module xpm.xpm_memory_sdpram(MEMORY_SIZE=33...
Compiling module xil_defaultlib.bd_6cc2_swn_0
Compiling module xil_defaultlib.s00_nodes_imp_PMHAAG
Compiling module xil_defaultlib.bd_6cc2
Compiling module xil_defaultlib.design_1_axi_smc_4
Compiling module xil_defaultlib.mul_matrix_control_s_axi
Compiling module xil_defaultlib.mul_matrix_gmem_m_axi_throttl_de...
Compiling module xil_defaultlib.mul_matrix_gmem_m_axi_reg_slice(...
Compiling module xil_defaultlib.mul_matrix_gmem_m_axi_fifo(DATA_...
Compiling module xil_defaultlib.mul_matrix_gmem_m_axi_buffer(DAT...
Compiling module xil_defaultlib.mul_matrix_gmem_m_axi_fifo(DEPTH...
Compiling module xil_defaultlib.mul_matrix_gmem_m_axi_fifo(DATA_...
Compiling module xil_defaultlib.mul_matrix_gmem_m_axi_fifo(DATA_...
Compiling module xil_defaultlib.mul_matrix_gmem_m_axi_write(NUM_...
Compiling module xil_defaultlib.mul_matrix_gmem_m_axi_buffer(DAT...
Compiling module xil_defaultlib.mul_matrix_gmem_m_axi_reg_slice(...
Compiling module xil_defaultlib.mul_matrix_gmem_m_axi_read(NUM_R...
Compiling module xil_defaultlib.mul_matrix_gmem_m_axi(NUM_READ_O...
Compiling module xil_defaultlib.mul_matrix(C_M_AXI_GMEM_USER_VAL...
Compiling module xil_defaultlib.design_1_mul_matrix_0_6
Compiling module processing_system7_vip_v1_0_7.processing_system7_vip_v1_0_7_ge...
Compiling module processing_system7_vip_v1_0_7.processing_system7_vip_v1_0_7_ge...
Compiling module processing_system7_vip_v1_0_7.processing_system7_vip_v1_0_7_ar...
Compiling module processing_system7_vip_v1_0_7.processing_system7_vip_v1_0_7_ar...
Compiling module processing_system7_vip_v1_0_7.processing_system7_vip_v1_0_7_fm...
Compiling module processing_system7_vip_v1_0_7.processing_system7_vip_v1_0_7_ar...
Compiling module processing_system7_vip_v1_0_7.processing_system7_vip_v1_0_7_ar...
Compiling module processing_system7_vip_v1_0_7.processing_system7_vip_v1_0_7_ar...
Compiling module processing_system7_vip_v1_0_7.processing_system7_vip_v1_0_7_ar...
Compiling module processing_system7_vip_v1_0_7.processing_system7_vip_v1_0_7_ss...
Compiling module processing_system7_vip_v1_0_7.processing_system7_vip_v1_0_7_in...
Compiling module processing_system7_vip_v1_0_7.processing_system7_vip_v1_0_7_sp...
Compiling module processing_system7_vip_v1_0_7.processing_system7_vip_v1_0_7_dd...
Compiling module processing_system7_vip_v1_0_7.processing_system7_vip_v1_0_7_oc...
Compiling module processing_system7_vip_v1_0_7.processing_system7_vip_v1_0_7_oc...
Compiling module processing_system7_vip_v1_0_7.processing_system7_vip_v1_0_7_re...
Compiling module processing_system7_vip_v1_0_7.processing_system7_vip_v1_0_7_re...
Compiling module xilinx_vip.axi_vip_axi4pc(WDATA_WIDTH=32,RD...
Compiling module xilinx_vip.cb
Compiling module xilinx_vip.axi_vip_if(C_AXI_PROTOCOL=1,C_AX...
Compiling module axi_vip_v1_1_5.axi_vip_v1_1_5_top(C_AXI_PROTOCO...
Compiling module processing_system7_vip_v1_0_7.processing_system7_vip_v1_0_7_ax...
Compiling module processing_system7_vip_v1_0_7.processing_system7_vip_v1_0_7_ax...
Compiling module xilinx_vip.axi_vip_axi4pc(WDATA_WIDTH=32,RD...
Compiling module xilinx_vip.cb
Compiling module xilinx_vip.axi_vip_if(C_AXI_PROTOCOL=1,C_AX...
Compiling module axi_vip_v1_1_5.axi_vip_v1_1_5_top(C_AXI_PROTOCO...
Compiling module processing_system7_vip_v1_0_7.processing_system7_vip_v1_0_7_ax...
Compiling module processing_system7_vip_v1_0_7.processing_system7_vip_v1_0_7_ax...
Compiling module xilinx_vip.axi_vip_axi4pc(PROTOCOL=1,RID_WI...
Compiling module xilinx_vip.cb
Compiling module xilinx_vip.axi_vip_if(C_AXI_PROTOCOL=1,C_AX...
Compiling module axi_vip_v1_1_5.axi_vip_v1_1_5_top(C_AXI_PROTOCO...
Compiling module processing_system7_vip_v1_0_7.processing_system7_vip_v1_0_7_in...
Compiling module processing_system7_vip_v1_0_7.processing_system7_vip_v1_0_7_af...
Compiling module processing_system7_vip_v1_0_7.processing_system7_vip_v1_0_7_af...
Compiling module processing_system7_vip_v1_0_7.processing_system7_vip_v1_0_7_af...
Compiling module processing_system7_vip_v1_0_7.processing_system7_vip_v1_0_7_af...
Compiling module xilinx_vip.axi_vip_axi4pc(PROTOCOL=1,RID_WI...
Compiling module xilinx_vip.cb
Compiling module xilinx_vip.axi_vip_if(C_AXI_PROTOCOL=1,C_AX...
Compiling module axi_vip_v1_1_5.axi_vip_v1_1_5_top(C_AXI_PROTOCO...
Compiling module processing_system7_vip_v1_0_7.processing_system7_vip_v1_0_7_ax...
Compiling module processing_system7_vip_v1_0_7.processing_system7_vip_v1_0_7(C_...
Compiling module xil_defaultlib.design_1_processing_system7_0_6
Compiling module axi_infrastructure_v1_1_0.axi_infrastructure_v1_1_0_axi2ve...
Compiling module axi_register_slice_v2_1_19.axi_register_slice_v2_1_19_axic_...
Compiling module axi_register_slice_v2_1_19.axi_register_slice_v2_1_19_axic_...
Compiling module axi_register_slice_v2_1_19.axi_register_slice_v2_1_19_axic_...
Compiling module axi_register_slice_v2_1_19.axi_register_slice_v2_1_19_axic_...
Compiling module axi_infrastructure_v1_1_0.axi_infrastructure_v1_1_0_vector...
Compiling module axi_register_slice_v2_1_19.axi_register_slice_v2_1_19_axi_r...
Compiling module axi_protocol_converter_v2_1_19.axi_protocol_converter_v2_1_19_b...
Compiling module axi_protocol_converter_v2_1_19.axi_protocol_converter_v2_1_19_b...
Compiling module axi_protocol_converter_v2_1_19.axi_protocol_converter_v2_1_19_b...
Compiling module axi_protocol_converter_v2_1_19.axi_protocol_converter_v2_1_19_b...
Compiling module axi_protocol_converter_v2_1_19.axi_protocol_converter_v2_1_19_b...
Compiling module axi_protocol_converter_v2_1_19.axi_protocol_converter_v2_1_19_b...
Compiling module axi_protocol_converter_v2_1_19.axi_protocol_converter_v2_1_19_b...
Compiling module axi_protocol_converter_v2_1_19.axi_protocol_converter_v2_1_19_b...
Compiling module axi_protocol_converter_v2_1_19.axi_protocol_converter_v2_1_19_b...
Compiling module axi_protocol_converter_v2_1_19.axi_protocol_converter_v2_1_19_b...
Compiling module axi_protocol_converter_v2_1_19.axi_protocol_converter_v2_1_19_b...
Compiling module axi_protocol_converter_v2_1_19.axi_protocol_converter_v2_1_19_b...
Compiling module axi_protocol_converter_v2_1_19.axi_protocol_converter_v2_1_19_b...
Compiling module axi_infrastructure_v1_1_0.axi_infrastructure_v1_1_0_axi2ve...
Compiling module axi_register_slice_v2_1_19.axi_register_slice_v2_1_19_axic_...
Compiling module axi_register_slice_v2_1_19.axi_register_slice_v2_1_19_axic_...
Compiling module axi_register_slice_v2_1_19.axi_register_slice_v2_1_19_axic_...
Compiling module axi_register_slice_v2_1_19.axi_register_slice_v2_1_19_axic_...
Compiling module axi_infrastructure_v1_1_0.axi_infrastructure_v1_1_0_vector...
Compiling module axi_register_slice_v2_1_19.axi_register_slice_v2_1_19_axi_r...
Compiling module axi_protocol_converter_v2_1_19.axi_protocol_converter_v2_1_19_b...
Compiling module axi_protocol_converter_v2_1_19.axi_protocol_converter_v2_1_19_a...
Compiling module xil_defaultlib.design_1_auto_pc_4
Compiling module xil_defaultlib.s00_couplers_imp_UYSKKA
Compiling module xil_defaultlib.design_1_ps7_0_axi_periph_6
Compiling architecture imp of entity proc_sys_reset_v5_0_13.lpf [\lpf(c_ext_rst_width=4,c_aux_rst...]
Compiling architecture imp of entity proc_sys_reset_v5_0_13.proc_sys_reset [\proc_sys_reset(c_family="zynq",...]
Compiling architecture design_1_rst_ps7_0_100m_3_arch of entity xil_defaultlib.design_1_rst_ps7_0_100M_3 [design_1_rst_ps7_0_100m_3_defaul...]
Compiling module xil_defaultlib.design_1
Compiling module xil_defaultlib.design_1_wrapper
Compiling module xil_defaultlib.glbl
Built simulation snapshot design_1_wrapper_behav
